<?xml version="1.0" encoding="UTF-8"?>
<testsuite name="com.tr.selenium.tests.ContactCreationTests" tests="1" skipped="0" failures="0" errors="0" timestamp="2018-03-14T21:41:24" hostname="DESKTOP-CA3OS4D" time="7.473">
  <properties/>
  <testcase name="creationContactTest" classname="com.tr.selenium.tests.ContactCreationTests" time="7.473"/>
  <system-out><![CDATA[]]></system-out>
  <system-err><![CDATA[]]></system-err>
</testsuite>
