<?xml version="1.0" encoding="UTF-8"?>
<testsuite name="com.tr.selenium.tests.ContactCreationTests" tests="1" skipped="0" failures="0" errors="0" timestamp="2018-03-27T16:37:37" hostname="DESKTOP-CA3OS4D" time="6.119">
  <properties/>
  <testcase name="creationContactTest" classname="com.tr.selenium.tests.ContactCreationTests" time="6.119"/>
  <system-out><![CDATA[]]></system-out>
  <system-err><![CDATA[]]></system-err>
</testsuite>
