<?xml version="1.0" encoding="UTF-8"?>
<testsuite name="com.tr.selenium.tests.GroupDeletionTest" tests="1" skipped="0" failures="0" errors="0" timestamp="2018-03-15T18:03:44" hostname="DESKTOP-CA3OS4D" time="2.578">
  <properties/>
  <testcase name="deletionGroupTest" classname="com.tr.selenium.tests.GroupDeletionTest" time="2.578"/>
  <system-out><![CDATA[]]></system-out>
  <system-err><![CDATA[]]></system-err>
</testsuite>
